<?xml version="1.0" encoding="UTF-8"?>
<!-- Generated by org.testng.reporters.JUnitReportReporter -->
<testsuite hostname="NOI-LE-ANVARAMA" failures="0" tests="6" name="com.restAssured.users_test.CreateUsersTest" time="6.074" errors="0" timestamp="20 Jul 2023 17:13:35 GMT">
  <testcase classname="com.restAssured.users_test.CreateUsersTest" name="TC4_UpdateUser" time="0.741"/>
  <testcase classname="com.restAssured.users_test.CreateUsersTest" name="TC6_GetUser" time="0.819"/>
  <testcase classname="com.restAssured.users_test.CreateUsersTest" name="TC2_CreateUser_InvalidRequest" time="0.911"/>
  <testcase classname="com.restAssured.users_test.CreateUsersTest" name="TC5_UpdateUserInvalidUserName" time="0.819"/>
  <testcase classname="com.restAssured.users_test.CreateUsersTest" name="TC3_CreateUser_NullValue" time="0.691"/>
  <testcase classname="com.restAssured.users_test.CreateUsersTest" name="TC1_CreateUser" time="2.093"/>
</testsuite> <!-- com.restAssured.users_test.CreateUsersTest -->
