<?xml version="1.0" encoding="UTF-8"?>
<!-- Generated by org.testng.reporters.JUnitReportReporter -->
<testsuite hostname="NOI-LE-ANVARAMA" failures="0" tests="6" name="com.restAssured.pets_test.CreatePetTest" time="5.534" errors="0" timestamp="20 Jul 2023 17:13:35 GMT">
  <testcase classname="com.restAssured.pets_test.CreatePetTest" name="TC2_CreatePet_InvalidRequest" time="0.922"/>
  <testcase classname="com.restAssured.pets_test.CreatePetTest" name="TC5_GetPet" time="1.159"/>
  <testcase classname="com.restAssured.pets_test.CreatePetTest" name="TC4_UpdatePetInvalidStatus" time="0.863"/>
  <testcase classname="com.restAssured.pets_test.CreatePetTest" name="TC1_CreatePet" time="0.924"/>
  <testcase classname="com.restAssured.pets_test.CreatePetTest" name="TC3_UpdatePet" time="0.870"/>
  <testcase classname="com.restAssured.pets_test.CreatePetTest" name="TC6_GetPet" time="0.796"/>
</testsuite> <!-- com.restAssured.pets_test.CreatePetTest -->
